{"contracts/Greeter.sol":{"l":{"11":0,"12":0,"16":0,"20":0,"21":0},"path":"/Users/macbookpro/Documents/Project/blockchain/ido/contracts/Greeter.sol","s":{"1":0,"2":0,"3":0,"4":0,"5":0},"b":{},"f":{"1":0,"2":0,"3":0},"fnMap":{"1":{"name":"constructor","line":10,"loc":{"start":{"line":10,"column":2},"end":{"line":13,"column":2}}},"2":{"name":"greet","line":15,"loc":{"start":{"line":15,"column":2},"end":{"line":17,"column":2}}},"3":{"name":"setGreeting","line":19,"loc":{"start":{"line":19,"column":2},"end":{"line":22,"column":2}}}},"statementMap":{"1":{"start":{"line":11,"column":4},"end":{"line":11,"column":63}},"2":{"start":{"line":12,"column":4},"end":{"line":12,"column":23}},"3":{"start":{"line":16,"column":4},"end":{"line":16,"column":19}},"4":{"start":{"line":20,"column":4},"end":{"line":20,"column":74}},"5":{"start":{"line":21,"column":4},"end":{"line":21,"column":23}}},"branchMap":{}},"contracts/MyContract.sol":{"l":{"9":6,"13":1,"17":2},"path":"/Users/macbookpro/Documents/Project/blockchain/ido/contracts/MyContract.sol","s":{"1":6,"2":1,"3":2},"b":{},"f":{"1":6,"2":1,"3":2},"fnMap":{"1":{"name":"constructor","line":8,"loc":{"start":{"line":8,"column":4},"end":{"line":10,"column":4}}},"2":{"name":"changeName","line":12,"loc":{"start":{"line":12,"column":4},"end":{"line":14,"column":4}}},"3":{"name":"getName","line":16,"loc":{"start":{"line":16,"column":4},"end":{"line":18,"column":4}}}},"statementMap":{"1":{"start":{"line":9,"column":8},"end":{"line":9,"column":19}},"2":{"start":{"line":13,"column":8},"end":{"line":13,"column":19}},"3":{"start":{"line":17,"column":8},"end":{"line":17,"column":19}}},"branchMap":{}}}