TN:
SF:/Users/macbookpro/Documents/Project/blockchain/ido/contracts/Greeter.sol
FN:10,constructor
FN:15,greet
FN:19,setGreeting
FNF:3
FNH:0
FNDA:0,constructor
FNDA:0,greet
FNDA:0,setGreeting
DA:11,0
DA:12,0
DA:16,0
DA:20,0
DA:21,0
LF:5
LH:0
BRF:0
BRH:0
end_of_record
TN:
SF:/Users/macbookpro/Documents/Project/blockchain/ido/contracts/MyContract.sol
FN:8,constructor
FN:12,changeName
FN:16,getName
FNF:3
FNH:3
FNDA:6,constructor
FNDA:1,changeName
FNDA:2,getName
DA:9,6
DA:13,1
DA:17,2
LF:3
LH:3
BRF:0
BRH:0
end_of_record
